<?xml version="1.0" encoding="UTF-8" ?>
<testsuite errors="0" failures="0" hostname="LAPTOP-QC5E0HGK" name="cucumberdemo.TestRunner" skipped="0" tests="6" time="4.73" timestamp="2018-03-15T22:33:22">
  <properties>
    <property name="java.vendor" value="Oracle Corporation" />
    <property name="env.USERDOMAIN_ROAMINGPROFILE" value="AzureAD" />
    <property name="sun.java.launcher" value="SUN_STANDARD" />
    <property name="sun.management.compiler" value="HotSpot 64-Bit Tiered Compilers" />
    <property name="env.PROMPT" value="$P$G" />
    <property name="os.name" value="Windows 10" />
    <property name="env.COMPUTERNAME" value="LAPTOP-QC5E0HGK" />
    <property name="env.CommonProgramW6432" value="C:\Program Files\Common Files" />
    <property name="env.ALLUSERSPROFILE" value="C:\ProgramData" />
    <property name="sun.desktop" value="windows" />
    <property name="java.vm.specification.vendor" value="Oracle Corporation" />
    <property name="ant.home" value="C:\Users\PoornendulalVenugopa\.p2\pool\plugins\org.apache.ant_1.10.1.v20170504-0840" />
    <property name="java.runtime.version" value="9.0.4+11" />
    <property name="env.HOMEPATH" value="\Users\PoornendulalVenugopa" />
    <property name="user.name" value="PoornendulalVenugopa" />
    <property name="user.language" value="en" />
    <property name="sun.boot.library.path" value="C:\Program Files\Java\jdk-9.0.4\bin" />
    <property name="ant.project.default-target" value="TestRunner" />
    <property name="ant.project.name" value="cucumberdemo" />
    <property name="java.vm.compressedOopsMode" value="32-bit" />
    <property name="ant.file.cucumberdemo" value="C:\EclipseWorkspace\cucumberdemo\build.xml" />
    <property name="java.version" value="9.0.4" />
    <property name="env.PROCESSOR_IDENTIFIER" value="Intel64 Family 6 Model 142 Stepping 9, GenuineIntel" />
    <property name="user.timezone" value="" />
    <property name="env.TEMP" value="C:\Users\POORNE~1\AppData\Local\Temp" />
    <property name="sun.arch.data.model" value="64" />
    <property name="ant.file.type.cucumberdemo" value="file" />
    <property name="sun.cpu.isalist" value="amd64" />
    <property name="env.HOMEDRIVE" value="C:" />
    <property name="sun.jnu.encoding" value="Cp1252" />
    <property name="file.encoding.pkg" value="sun.io" />
    <property name="file.separator" value="\" />
    <property name="java.specification.name" value="Java Platform API Specification" />
    <property name="java.class.version" value="53.0" />
    <property name="user.country" value="GB" />
    <property name="java.home" value="C:\Program Files\Java\jdk-9.0.4" />
    <property name="env.PSModulePath" value="C:\Program Files\WindowsPowerShell\Modules;C:\WINDOWS\system32\WindowsPowerShell\v1.0\Modules" />
    <property name="env.APPDATA" value="C:\Users\PoornendulalVenugopa\AppData\Roaming" />
    <property name="java.vm.info" value="mixed mode" />
    <property name="env.PUBLIC" value="C:\Users\Public" />
    <property name="env.ComSpec" value="C:\WINDOWS\system32\cmd.exe" />
    <property name="env.OS" value="Windows_NT" />
    <property name="env.CommonProgramFiles" value="C:\Program Files\Common Files" />
    <property name="os.version" value="10.0" />
    <property name="ant.file" value="C:\EclipseWorkspace\cucumberdemo\build.xml" />
    <property name="env.ProgramW6432" value="C:\Program Files" />
    <property name="env.configsetroot" value="C:\WINDOWS\ConfigSetRoot" />
    <property name="path.separator" value=";" />
    <property name="java.vm.version" value="9.0.4+11" />
    <property name="user.variant" value="" />
    <property name="env.USERPROFILE" value="C:\Users\PoornendulalVenugopa" />
    <property name="ant.library.dir" value="C:\Users\PoornendulalVenugopa\.p2\pool\plugins\org.apache.ant_1.10.1.v20170504-0840\lib" />
    <property name="junit.output.dir" value="junit" />
    <property name="env.JAVA_HOME" value="C:\Program Files\Java\jdk-9.0.4" />
    <property name="java.awt.printerjob" value="sun.awt.windows.WPrinterJob" />
    <property name="env.FPS_BROWSER_USER_PROFILE_STRING" value="Default" />
    <property name="env.TMP" value="C:\Users\POORNE~1\AppData\Local\Temp" />
    <property name="sun.io.unicode.encoding" value="UnicodeLittle" />
    <property name="awt.toolkit" value="sun.awt.windows.WToolkit" />
    <property name="user.script" value="" />
    <property name="target" value="9" />
    <property name="user.home" value="C:\Users\PoornendulalVenugopa" />
    <property name="env.ProgramData" value="C:\ProgramData" />
    <property name="env.ProgramFiles(x86)" value="C:\Program Files (x86)" />
    <property name="env.SESSIONNAME" value="Console" />
    <property name="java.specification.vendor" value="Oracle Corporation" />
    <property name="env.NUMBER_OF_PROCESSORS" value="4" />
    <property name="java.library.path" value="C:\Program Files\Java\jdk-9.0.4\bin;C:\WINDOWS\Sun\Java\bin;C:\WINDOWS\system32;C:\WINDOWS;C:/Program Files/Java/jre1.8.0_161/bin/server;C:/Program Files/Java/jre1.8.0_161/bin;C:/Program Files/Java/jre1.8.0_161/lib/amd64;C:\ProgramData\Oracle\Java\javapath;C:\Program Files (x86)\Intel\iCLS Client\;C:\Program Files\Intel\iCLS Client\;C:\WINDOWS\system32;C:\WINDOWS;C:\WINDOWS\System32\Wbem;C:\WINDOWS\System32\WindowsPowerShell\v1.0\;C:\Program Files (x86)\Intel\Intel(R) Management Engine Components\DAL;C:\Program Files\Intel\Intel(R) Management Engine Components\DAL;C:\Program Files (x86)\Intel\Intel(R) Management Engine Components\IPT;C:\Program Files\Intel\Intel(R) Management Engine Components\IPT;C:\Program Files\Intel\WiFi\bin\;C:\Program Files\Common Files\Intel\WirelessCommon\;C:\Program Files\Git\cmd;C:\Program Files (x86)\apache-ant-1-10-2\bin;C:\Program Files\Java\jdk-9.0.4\bin;C:\Users\PoornendulalVenugopa\AppData\Local\Microsoft\WindowsApps;;C:\Users\PoornendulalVenugopa\Desktop;;." />
    <property name="java.vendor.url" value="http://java.oracle.com/" />
    <property name="java.vm.vendor" value="Oracle Corporation" />
    <property name="java.runtime.name" value="Java(TM) SE Runtime Environment" />
    <property name="sun.java.command" value="org.apache.tools.ant.taskdefs.optional.junit.JUnitTestRunner cucumberdemo.TestRunner skipNonTests=false filtertrace=true haltOnError=false haltOnFailure=false formatter=org.apache.tools.ant.taskdefs.optional.junit.OutErrSummaryJUnitResultFormatter showoutput=false outputtoformatters=true logfailedtests=true threadid=0 logtestlistenerevents=false formatter=org.apache.tools.ant.taskdefs.optional.junit.XMLJUnitResultFormatter,C:\EclipseWorkspace\cucumberdemo\junit\TEST-cucumberdemo.TestRunner.xml crashfile=C:\EclipseWorkspace\cucumberdemo\junitvmwatcher8931971014083991193.properties propsfile=C:\EclipseWorkspace\cucumberdemo\junit17510295590940669125.properties" />
    <property name="java.class.path" value="C:\EclipseWorkspace\cucumberdemo\bin;C:\EclipseWorkspace\cucumberdemo\jars\cobertura-2.1.1.jar;C:\EclipseWorkspace\cucumberdemo\jars\cucumber-jvm-deps-1.0.5.jar;C:\EclipseWorkspace\cucumberdemo\jars\cucumber-reporting-3.5.1.jar;C:\EclipseWorkspace\cucumberdemo\jars\gherkin-2.12.2.jar;C:\EclipseWorkspace\cucumberdemo\jars\junit-4.12.jar;C:\EclipseWorkspace\cucumberdemo\jars\mockito-all-2.0.2-beta.jar;C:\EclipseWorkspace\cucumberdemo\jars\cucumber-java-1.2.2.jar;C:\EclipseWorkspace\cucumberdemo\jars\cucumber-core-1.2.2.jar;C:\EclipseWorkspace\cucumberdemo\jars\cucumber-junit-1.2.2.jar;C:\EclipseWorkspace\cucumberdemo\jars\selenium-server-standalone-3.11.0.jar;C:\Users\PoornendulalVenugopa\.p2\pool\plugins\org.apache.ant_1.10.1.v20170504-0840\lib\ant-launcher.jar;C:\Users\PoornendulalVenugopa\.p2\pool\plugins\org.apache.ant_1.10.1.v20170504-0840\lib\ant.jar;C:\Users\PoornendulalVenugopa\.p2\pool\plugins\org.apache.ant_1.10.1.v20170504-0840\lib\ant-junit.jar;C:\Users\PoornendulalVenugopa\.p2\pool\plugins\org.apache.ant_1.10.1.v20170504-0840\lib\ant-junit4.jar" />
    <property name="ant.version" value="Apache Ant(TM) version 1.10.1 compiled on February 2 2017" />
    <property name="jdk.debug" value="release" />
    <property name="java.vm.specification.name" value="Java Virtual Machine Specification" />
    <property name="env.windir" value="C:\WINDOWS" />
    <property name="env.LOGONSERVER" value="\\LAPTOP-QC5E0HGK" />
    <property name="java.vm.specification.version" value="9" />
    <property name="env.PROCESSOR_ARCHITECTURE" value="AMD64" />
    <property name="sun.cpu.endian" value="little" />
    <property name="sun.os.patch.level" value="" />
    <property name="env.OneDrive" value="C:\Users\PoornendulalVenugopa\OneDrive" />
    <property name="debuglevel" value="source,lines,vars" />
    <property name="env.ANT_HOME" value="C:\Users\PoornendulalVenugopa\.p2\pool\plugins\org.apache.ant_1.10.1.v20170504-0840" />
    <property name="env.ProgramFiles" value="C:\Program Files" />
    <property name="env.PROCESSOR_REVISION" value="8e09" />
    <property name="java.io.tmpdir" value="C:\Users\POORNE~1\AppData\Local\Temp\" />
    <property name="env.CommonProgramFiles(x86)" value="C:\Program Files (x86)\Common Files" />
    <property name="java.vendor.url.bug" value="http://bugreport.java.com/bugreport/" />
    <property name="env.SystemRoot" value="C:\WINDOWS" />
    <property name="env.FPS_BROWSER_APP_PROFILE_STRING" value="Internet Explorer" />
    <property name="os.arch" value="amd64" />
    <property name="java.awt.graphicsenv" value="sun.awt.Win32GraphicsEnvironment" />
    <property name="user.dir" value="C:\EclipseWorkspace\cucumberdemo" />
    <property name="env.LOCALAPPDATA" value="C:\Users\PoornendulalVenugopa\AppData\Local" />
    <property name="line.separator" value="&#xd;&#xa;" />
    <property name="java.vm.name" value="Java HotSpot(TM) 64-Bit Server VM" />
    <property name="env.PATHEXT" value=".COM;.EXE;.BAT;.CMD;.VBS;.VBE;.JS;.JSE;.WSF;.WSH;.MSC" />
    <property name="env.Path" value="C:/Program Files/Java/jre1.8.0_161/bin/server;C:/Program Files/Java/jre1.8.0_161/bin;C:/Program Files/Java/jre1.8.0_161/lib/amd64;C:\ProgramData\Oracle\Java\javapath;C:\Program Files (x86)\Intel\iCLS Client\;C:\Program Files\Intel\iCLS Client\;C:\WINDOWS\system32;C:\WINDOWS;C:\WINDOWS\System32\Wbem;C:\WINDOWS\System32\WindowsPowerShell\v1.0\;C:\Program Files (x86)\Intel\Intel(R) Management Engine Components\DAL;C:\Program Files\Intel\Intel(R) Management Engine Components\DAL;C:\Program Files (x86)\Intel\Intel(R) Management Engine Components\IPT;C:\Program Files\Intel\Intel(R) Management Engine Components\IPT;C:\Program Files\Intel\WiFi\bin\;C:\Program Files\Common Files\Intel\WirelessCommon\;C:\Program Files\Git\cmd;C:\Program Files (x86)\apache-ant-1-10-2\bin;C:\Program Files\Java\jdk-9.0.4\bin;C:\Users\PoornendulalVenugopa\AppData\Local\Microsoft\WindowsApps;;C:\Users\PoornendulalVenugopa\Desktop;" />
    <property name="basedir" value="C:\EclipseWorkspace\cucumberdemo" />
    <property name="ant.java.version" value="9" />
    <property name="ant.core.lib" value="C:\Users\PoornendulalVenugopa\.p2\pool\plugins\org.apache.ant_1.10.1.v20170504-0840\lib\ant.jar" />
    <property name="env.USERNAME" value="PoornendulalVenugopa" />
    <property name="env.SystemDrive" value="C:" />
    <property name="source" value="9" />
    <property name="file.encoding" value="Cp1252" />
    <property name="env.USERDOMAIN" value="AzureAD" />
    <property name="java.specification.version" value="9" />
    <property name="ant.project.invoked-targets" value="TestRunner" />
    <property name="env.PROCESSOR_LEVEL" value="6" />
  </properties>
  <testcase classname="Scenario: Open google and search text and verify seconds are displayed on top of the search result" name="Given open the browser" time="0.001" />
  <testcase classname="Scenario: Open google and search text and verify seconds are displayed on top of the search result" name="When searched anything" time="0.0" />
  <testcase classname="Scenario: Open google and search text and verify seconds are displayed on top of the search result" name="Then verify seconds displayed" time="0.0" />
  <testcase classname="junit.framework.TestSuite" name="Scenario: Open google and search text and verify seconds are displayed on top of the search result" time="4.459" />
  <system-out><![CDATA[Setting environment properties
Search anything performing
Loop counters value i=0 and j=0 and k=0
text Type identified. SendKeys command will be performed with 'this is automation test engineering demo
Loop counters value i=1 and j=1 and k=1
submit Type identified. Click command will be performed.
Performing verification
Loop counters value i=0 and j=0 and k=0
div control identified. Verification will be performed with 'seconds' test data.
About 1,390,000 results does not contain the test data seconds

1 Scenarios ([32m1 passed[0m)
3 Steps ([32m3 passed[0m)
0m4.443s

]]></system-out>
  <system-err><![CDATA[]]></system-err>
</testsuite>
